2024-06-02T09:46:22.748Z - GET - /joyas/filtros?categoria=collar
2024-06-02T09:46:26.859Z - GET - /
2024-06-02T09:46:31.178Z - GET - /home
2024-06-02T09:49:26.240Z - GET - /joyas/filtros?precio_min=25000&precio_max=30000&categoria=aros&metal=plata
2024-06-02T09:51:19.742Z - GET - /joyas?limits=3&page=2&order_by=stock_ASC
2024-06-02T09:51:30.160Z - GET - /joyas/
2024-06-02T09:52:49.021Z - GET - /checkdb
2024-06-02T09:52:49.140Z - GET - /checkdb
2024-06-02T09:52:52.781Z - GET - /home
2024-06-02T09:53:00.279Z - GET - /joyas?limits=3&page=2&order_by=stock_ASC
2024-06-02T09:53:17.141Z - GET - /home/joyas
2024-06-02T09:53:42.403Z - GET - /jPrueba
2024-06-02T09:54:16.863Z - GET - /
2024-06-02T09:54:24.174Z - GET - /joyas?limits=3&page=2&order_by=stock_ASC
2024-06-02T09:54:25.381Z - GET - /joyas/filtros?precio_min=25000&precio_max=30000&categoria=aros&metal=plata
2024-06-02T10:04:00.488Z - GET - /joyas/filtros?precio_min=25000&precio_max=30000&categoria=aros&metal=plata
2024-06-02T10:04:03.336Z - GET - /joyas?limits=3&page=2&order_by=stock_ASC
2024-06-02T10:04:24.357Z - GET - /TestLog
2024-06-02T10:18:22.188Z - GET - /joyas
2024-06-02T10:20:51.872Z - GET - /joyas?limits=3&page=1&order_by=stock_ASC
2024-06-02T10:26:38.745Z - GET - /checkdb
2024-06-02T10:26:40.746Z - GET - /checkdb
2024-06-02T10:26:50.743Z - GET - /checkdb
2024-06-02T10:26:52.741Z - GET - /checkdb
2024-06-02T10:26:54.743Z - GET - /checkdb
2024-06-02T10:35:59.501Z - GET - /checkdb
2024-06-02T10:35:59.592Z - GET - /checkdb
2024-06-02T10:36:09.936Z - GET - /home
2024-06-02T10:36:13.989Z - GET - /home/joyas
2024-06-02T10:36:18.910Z - GET - /joyas?limits=3&page=1&order_by=stock_ASC
